============================================================
  Generated by:           Genus(TM) Synthesis Solution 20.11-s111_1
  Generated on:           Jun 07 2026  07:26:17 am
  Module:                 alu
  Operating conditions:   TypTyp_0.8V_25C (balanced_tree)
  Wireload mode:          enclosed
  Area mode:              timing library
============================================================


Path 1: MET (3771 ps) Setup Check with Pin Zero_reg/CK->D
          Group: clk
     Startpoint: (R) B[0]
          Clock: (R) clk
       Endpoint: (F) Zero_reg/D
          Clock: (R) clk

                     Capture       Launch     
        Clock Edge:+   10000            0     
        Drv Adjust:+       0            0     
       Src Latency:+       0            0     
       Net Latency:+       0 (I)        0 (I) 
           Arrival:=   10000            0     
                                              
             Setup:-    1107                  
     Required Time:=    8893                  
      Launch Clock:-       0                  
       Input Delay:-    1000                  
         Data Path:-    4122                  
             Slack:=    3771                  

Exceptions/Constraints:
  input_delay             1000            alu.sdc_line_3_16_1 

#----------------------------------------------------------------------------------------
# Timing Point   Flags    Arc   Edge   Cell     Fanout Load Trans Delay Arrival Instance 
#                                                      (fF)  (ps)  (ps)   (ps)  Location 
#----------------------------------------------------------------------------------------
  B[0]           -       -      R     (arrival)      3  1.3     0     0    1000    (-,-) 
  g3826__8428/ZN -       A2->ZN F     NAND2_X1       6  3.0   159    93    1093    (-,-) 
  g3757__7482/ZN -       B2->ZN R     OAI21_X1       3  1.3   656   421    1514    (-,-) 
  g3744__4319/ZN -       B1->ZN F     AOI21_X1       3  1.2   212   234    1749    (-,-) 
  g3731__7098/ZN -       B1->ZN R     OAI21_X1       3  1.6   733   458    2206    (-,-) 
  g3724__8428/ZN -       B1->ZN F     AOI21_X1       2  0.8   212   226    2432    (-,-) 
  g3710__6417/ZN -       B1->ZN R     OAI21_X1       3  1.6   733   458    2889    (-,-) 
  g3708/ZN       -       A->ZN  F     INV_X4         1  0.4   147   136    3025    (-,-) 
  g3699__6161/ZN -       B1->ZN R     OAI21_X1       2  1.2   630   384    3409    (-,-) 
  g3694__7098/Z  -       B->Z   R     XOR2_X2        2  0.8   607   592    4001    (-,-) 
  g3691/ZN       -       A->ZN  F     INV_X4         2  0.8   140   151    4152    (-,-) 
  g3679__4319/ZN -       B1->ZN R     OAI221_X2      2  1.5  1043   696    4848    (-,-) 
  g3674__2398/ZN -       A2->ZN F     NOR2_X2        1  1.1   249   274    5122    (-,-) 
  Zero_reg/D     <<<     -      F     DFFR_X1        1    -     -     0    5122    (-,-) 
#----------------------------------------------------------------------------------------

